<?xml version="1.0" encoding="UTF-8"?>
<!-- Generated by org.testng.reporters.JUnitReportReporter -->
<testsuite hostname="LAPTOP-0SOJJLOM" failures="0" tests="3" name="classTestNG.ClassNotesClass5" time="32.113" errors="1" timestamp="2019-12-03T14:21:44 CST" skipped="1">
  <testcase classname="classTestNG.ClassNotesClass5" name="startBrowser" time="23.658">
    <error message="session not created
from chrome not reachable
  (Session info: chrome=78.0.3904.108)
Build info: version: &#039;3.141.59&#039;, revision: &#039;e82be7d358&#039;, time: &#039;2018-11-14T08:17:03&#039;
System info: host: &#039;LAPTOP-0SOJJLOM&#039;, ip: &#039;192.168.221.1&#039;, os.name: &#039;Windows 10&#039;, os.arch: &#039;amd64&#039;, os.version: &#039;10.0&#039;, java.version: &#039;12.0.2&#039;
Driver info: driver.version: ChromeDriver
remote stacktrace: Backtrace:
	Ordinal0 [0x00C2A903+1550595]
	Ordinal0 [0x00BAA701+1025793]
	Ordinal0 [0x00B2C58E+509326]
	Ordinal0 [0x00B262C2+484034]
	Ordinal0 [0x00B2699B+485787]
	Ordinal0 [0x00B27B05+490245]
	Ordinal0 [0x00B23A85+473733]
	Ordinal0 [0x00B2D330+512816]
	Ordinal0 [0x00ADB649+177737]
	Ordinal0 [0x00ADA8ED+174317]
	Ordinal0 [0x00AD8CDB+167131]
	Ordinal0 [0x00AC144A+70730]
	Ordinal0 [0x00AC24D0+74960]
	Ordinal0 [0x00AC2469+74857]
	Ordinal0 [0x00BC42C7+1131207]
	GetHandleVerifier [0x00CC70FD+523789]
	GetHandleVerifier [0x00CC6E90+523168]
	GetHandleVerifier [0x00CCE1E7+552695]
	GetHandleVerifier [0x00CC78FA+525834]
	Ordinal0 [0x00BBB7FC+1095676]
	Ordinal0 [0x00BC633B+1139515]
	Ordinal0 [0x00BC64A3+1139875]
	Ordinal0 [0x00BC5425+1135653]
	BaseThreadInitThunk [0x757F6359+25]
	RtlGetAppContainerNamedObjectPath [0x771D7B74+228]
	RtlGetAppContainerNamedObjectPath [0x771D7B44+180]
" type="org.openqa.selenium.SessionNotCreatedException">
      <![CDATA[org.openqa.selenium.SessionNotCreatedException: session not created
from chrome not reachable
  (Session info: chrome=78.0.3904.108)
Build info: version: '3.141.59', revision: 'e82be7d358', time: '2018-11-14T08:17:03'
System info: host: 'LAPTOP-0SOJJLOM', ip: '192.168.221.1', os.name: 'Windows 10', os.arch: 'amd64', os.version: '10.0', java.version: '12.0.2'
Driver info: driver.version: ChromeDriver
remote stacktrace: Backtrace:
Ordinal0 [0x00C2A903+1550595]
Ordinal0 [0x00BAA701+1025793]
Ordinal0 [0x00B2C58E+509326]
Ordinal0 [0x00B262C2+484034]
Ordinal0 [0x00B2699B+485787]
Ordinal0 [0x00B27B05+490245]
Ordinal0 [0x00B23A85+473733]
Ordinal0 [0x00B2D330+512816]
Ordinal0 [0x00ADB649+177737]
Ordinal0 [0x00ADA8ED+174317]
Ordinal0 [0x00AD8CDB+167131]
Ordinal0 [0x00AC144A+70730]
Ordinal0 [0x00AC24D0+74960]
Ordinal0 [0x00AC2469+74857]
Ordinal0 [0x00BC42C7+1131207]
GetHandleVerifier [0x00CC70FD+523789]
GetHandleVerifier [0x00CC6E90+523168]
GetHandleVerifier [0x00CCE1E7+552695]
GetHandleVerifier [0x00CC78FA+525834]
Ordinal0 [0x00BBB7FC+1095676]
Ordinal0 [0x00BC633B+1139515]
Ordinal0 [0x00BC64A3+1139875]
Ordinal0 [0x00BC5425+1135653]
BaseThreadInitThunk [0x757F6359+25]
RtlGetAppContainerNamedObjectPath [0x771D7B74+228]
RtlGetAppContainerNamedObjectPath [0x771D7B44+180]

at java.base/jdk.internal.reflect.NativeConstructorAccessorImpl.newInstance0(Native Method)
at java.base/jdk.internal.reflect.NativeConstructorAccessorImpl.newInstance(NativeConstructorAccessorImpl.java:62)
at java.base/jdk.internal.reflect.DelegatingConstructorAccessorImpl.newInstance(DelegatingConstructorAccessorImpl.java:45)
at java.base/java.lang.reflect.Constructor.newInstanceWithCaller(Constructor.java:500)
at java.base/java.lang.reflect.Constructor.newInstance(Constructor.java:481)
at org.openqa.selenium.remote.W3CHandshakeResponse.lambda$errorHandler$0(W3CHandshakeResponse.java:62)
at org.openqa.selenium.remote.HandshakeResponse.lambda$getResponseFunction$0(HandshakeResponse.java:30)
at org.openqa.selenium.remote.ProtocolHandshake.lambda$createSession$0(ProtocolHandshake.java:126)
at java.base/java.util.stream.ReferencePipeline$3$1.accept(ReferencePipeline.java:195)
at java.base/java.util.Spliterators$ArraySpliterator.tryAdvance(Spliterators.java:958)
at java.base/java.util.stream.ReferencePipeline.forEachWithCancel(ReferencePipeline.java:127)
at java.base/java.util.stream.AbstractPipeline.copyIntoWithCancel(AbstractPipeline.java:502)
at java.base/java.util.stream.AbstractPipeline.copyInto(AbstractPipeline.java:488)
at java.base/java.util.stream.AbstractPipeline.wrapAndCopyInto(AbstractPipeline.java:474)
at java.base/java.util.stream.FindOps$FindOp.evaluateSequential(FindOps.java:150)
at java.base/java.util.stream.AbstractPipeline.evaluate(AbstractPipeline.java:234)
at java.base/java.util.stream.ReferencePipeline.findFirst(ReferencePipeline.java:543)
at org.openqa.selenium.remote.ProtocolHandshake.createSession(ProtocolHandshake.java:128)
at org.openqa.selenium.remote.ProtocolHandshake.createSession(ProtocolHandshake.java:74)
at org.openqa.selenium.remote.HttpCommandExecutor.execute(HttpCommandExecutor.java:136)
at org.openqa.selenium.remote.service.DriverCommandExecutor.execute(DriverCommandExecutor.java:83)
at org.openqa.selenium.remote.RemoteWebDriver.execute(RemoteWebDriver.java:552)
at org.openqa.selenium.remote.RemoteWebDriver.startSession(RemoteWebDriver.java:213)
at org.openqa.selenium.remote.RemoteWebDriver.<init>(RemoteWebDriver.java:131)
at org.openqa.selenium.chrome.ChromeDriver.<init>(ChromeDriver.java:181)
at org.openqa.selenium.chrome.ChromeDriver.<init>(ChromeDriver.java:168)
at org.openqa.selenium.chrome.ChromeDriver.<init>(ChromeDriver.java:123)
at classTestNG.ClassNotesClass5.startBrowser(ClassNotesClass5.java:21)
at java.base/jdk.internal.reflect.NativeMethodAccessorImpl.invoke0(Native Method)
at java.base/jdk.internal.reflect.NativeMethodAccessorImpl.invoke(NativeMethodAccessorImpl.java:62)
at java.base/jdk.internal.reflect.DelegatingMethodAccessorImpl.invoke(DelegatingMethodAccessorImpl.java:43)
at java.base/java.lang.reflect.Method.invoke(Method.java:567)
at org.testng.internal.MethodInvocationHelper.invokeMethod(MethodInvocationHelper.java:133)
at org.testng.internal.MethodInvocationHelper.invokeMethodConsideringTimeout(MethodInvocationHelper.java:62)
at org.testng.internal.ConfigInvoker.invokeConfigurationMethod(ConfigInvoker.java:340)
at org.testng.internal.ConfigInvoker.invokeConfigurations(ConfigInvoker.java:294)
at org.testng.internal.TestInvoker.runConfigMethods(TestInvoker.java:683)
at org.testng.internal.TestInvoker.invokeMethod(TestInvoker.java:510)
at org.testng.internal.TestInvoker.invokeTestMethod(TestInvoker.java:172)
at org.testng.internal.MethodRunner.runInSequence(MethodRunner.java:46)
at org.testng.internal.TestInvoker$MethodInvocationAgent.invoke(TestInvoker.java:804)
at org.testng.internal.TestInvoker.invokeTestMethods(TestInvoker.java:145)
at org.testng.internal.TestMethodWorker.invokeTestMethods(TestMethodWorker.java:146)
at org.testng.internal.TestMethodWorker.run(TestMethodWorker.java:128)
at java.base/java.util.ArrayList.forEach(ArrayList.java:1540)
at org.testng.TestRunner.privateRun(TestRunner.java:770)
at org.testng.TestRunner.run(TestRunner.java:591)
at org.testng.SuiteRunner.runTest(SuiteRunner.java:402)
at org.testng.SuiteRunner.runSequentially(SuiteRunner.java:396)
at org.testng.SuiteRunner.privateRun(SuiteRunner.java:355)
at org.testng.SuiteRunner.run(SuiteRunner.java:304)
at org.testng.SuiteRunnerWorker.runSuite(SuiteRunnerWorker.java:53)
at org.testng.SuiteRunnerWorker.run(SuiteRunnerWorker.java:96)
at org.testng.TestNG.runSuitesSequentially(TestNG.java:1180)
at org.testng.TestNG.runSuitesLocally(TestNG.java:1102)
at org.testng.TestNG.runSuites(TestNG.java:1032)
at org.testng.TestNG.run(TestNG.java:1000)
at org.testng.remote.AbstractRemoteTestNG.run(AbstractRemoteTestNG.java:115)
at org.testng.remote.RemoteTestNG.initAndRun(RemoteTestNG.java:251)
at org.testng.remote.RemoteTestNG.main(RemoteTestNG.java:77)
]]>
    </error>
  </testcase> <!-- startBrowser -->
  <testcase classname="classTestNG.ClassNotesClass5" name="validUserShouldBeAbleToLogin" time="8.455"/>
  <testcase classname="classTestNG.ClassNotesClass5" name="invalidUsersShouldNotBeAbleToLogin" time="0.000">
    <skipped/>
  </testcase> <!-- invalidUsersShouldNotBeAbleToLogin -->
</testsuite> <!-- classTestNG.ClassNotesClass5 -->
